<?xml version="1.0" encoding="utf-8"?><testsuites name="pytest tests"><testsuite name="pytest" errors="0" failures="1" skipped="0" tests="16" time="5.978" timestamp="2026-08-12T08:59:57.686311+00:00" hostname="agent-env-fb2ed01e-76e6-4e74-9c83-d569f8723351"><testcase classname="tests.backend_test.TestCatalog" name="test_list_boxes" time="0.328" /><testcase classname="tests.backend_test.TestCheckout" name="test_orders_requires_auth" time="0.800" /><testcase classname="tests.backend_test.TestCatalog" name="test_get_box_electronics" time="0.074" /><testcase classname="tests.backend_test.TestCatalog" name="test_get_box_mobile" time="0.255" /><testcase classname="tests.backend_test.TestCatalog" name="test_get_box_404" time="0.072" /><testcase classname="tests.backend_test.TestAuth" name="test_register_and_login" time="1.493" /><testcase classname="tests.backend_test.TestCheckout" name="test_cod_checkout_end_to_end" time="1.429" /><testcase classname="tests.backend_test.TestAuth" name="test_me_requires_auth" time="0.077"><failure message="assert 200 == 401&#10; +  where 200 = &lt;Response [200]&gt;.status_code">tests/backend_test.py:97: in test_me_requires_auth
    assert r.status_code == 401
E   assert 200 == 401
E    +  where 200 = &lt;Response [200]&gt;.status_code</failure></testcase><testcase classname="tests.backend_test.TestCheckout" name="test_stripe_checkout_returns_url" time="2.145" /><testcase classname="tests.backend_test.TestAuth" name="test_me_with_bearer" time="1.996" /><testcase classname="tests.backend_test.TestAuth" name="test_admin_login" time="0.398" /><testcase classname="tests.backend_test.TestCheckout" name="test_empty_cart_rejected" time="0.352" /><testcase classname="tests.backend_test.TestCheckout" name="test_invalid_tier_rejected" time="0.033" /><testcase classname="tests.backend_test.TestOrdersScope" name="test_orders_scoped_to_user" time="0.073" /><testcase classname="tests.backend_test.TestSubscribe" name="test_cod_subscription" time="0.075" /><testcase classname="tests.backend_test.TestSubscribe" name="test_invalid_plan" time="0.073" /></testsuite></testsuites>